# JRE version: Java(TM) SE Runtime Environment (14.0.1+7) (build 14.0.1+7)
# Java VM: Java HotSpot(TM) 64-Bit Server VM (14.0.1+7, mixed mode, sharing, tiered, compressed oops, parallel gc, linux-amd64)
Heap:
 PSYoungGen      total 58368K, used 58056K [0x00000000eab00000, 0x00000000ee880000, 0x0000000100000000)
  eden space 56832K, 100% used [0x00000000eab00000,0x00000000ee280000,0x00000000ee280000)
  from space 1536K, 79% used [0x00000000ee400000,0x00000000ee532180,0x00000000ee580000)
  to   space 2048K, 0% used [0x00000000ee680000,0x00000000ee680000,0x00000000ee880000)
 ParOldGen       total 303104K, used 272349K [0x00000000c0000000, 0x00000000d2800000, 0x00000000eab00000)
  object space 303104K, 89% used [0x00000000c0000000,0x00000000d09f7710,0x00000000d2800000)
 Metaspace       used 91369K, capacity 95220K, committed 95320K, reserved 1134592K
  class space    used 8460K, capacity 9834K, committed 9856K, reserved 1048576K
GC Heap History (20 events):
Event: 10328.151 GC heap before
{Heap before GC invocations=12048 (full 459):
 PSYoungGen      total 38912K, used 37412K [0x00000000eab00000, 0x00000000ed580000, 0x0000000100000000)
  eden space 36352K, 99% used [0x00000000eab00000,0x00000000ece315a0,0x00000000ece80000)
  from space 2560K, 53% used [0x00000000ece80000,0x00000000ecfd7b10,0x00000000ed100000)
  to   space 1536K, 0% used [0x00000000ed400000,0x00000000ed400000,0x00000000ed580000)
 ParOldGen       total 295936K, used 284894K [0x00000000c0000000, 0x00000000d2100000, 0x00000000eab00000)
  object space 295936K, 96% used [0x00000000c0000000,0x00000000d1637a48,0x00000000d2100000)
 Metaspace       used 91358K, capacity 95214K, committed 95320K, reserved 1134592K
  class space    used 8459K, capacity 9833K, committed 9856K, reserved 1048576K
}
Event: 10328.163 GC heap after
{Heap after GC invocations=12048 (full 459):
 PSYoungGen      total 37376K, used 1533K [0x00000000eab00000, 0x00000000edf80000, 0x0000000100000000)
  eden space 35840K, 0% used [0x00000000eab00000,0x00000000eab00000,0x00000000ece00000)
  from space 1536K, 99% used [0x00000000ed400000,0x00000000ed57f620,0x00000000ed580000)
  to   space 6144K, 0% used [0x00000000ece00000,0x00000000ece00000,0x00000000ed400000)
 ParOldGen       total 295936K, used 288726K [0x00000000c0000000, 0x00000000d2100000, 0x00000000eab00000)
  object space 295936K, 97% used [0x00000000c0000000,0x00000000d19f58d0,0x00000000d2100000)
 Metaspace       used 91358K, capacity 95214K, committed 95320K, reserved 1134592K
  class space    used 8459K, capacity 9833K, committed 9856K, reserved 1048576K
}
Event: 10328.206 GC heap before
{Heap before GC invocations=12049 (full 459):
 PSYoungGen      total 37376K, used 37373K [0x00000000eab00000, 0x00000000edf80000, 0x0000000100000000)
  eden space 35840K, 100% used [0x00000000eab00000,0x00000000ece00000,0x00000000ece00000)
  from space 1536K, 99% used [0x00000000ed400000,0x00000000ed57f620,0x00000000ed580000)
  to   space 6144K, 0% used [0x00000000ece00000,0x00000000ece00000,0x00000000ed400000)
 ParOldGen       total 295936K, used 288726K [0x00000000c0000000, 0x00000000d2100000, 0x00000000eab00000)
  object space 295936K, 97% used [0x00000000c0000000,0x00000000d19f58d0,0x00000000d2100000)
 Metaspace       used 91358K, capacity 95214K, committed 95320K, reserved 1134592K
  class space    used 8459K, capacity 9833K, committed 9856K, reserved 1048576K
}
Event: 10328.214 GC heap after
{Heap after GC invocations=12049 (full 459):
 PSYoungGen      total 41984K, used 4587K [0x00000000eab00000, 0x00000000edd00000, 0x0000000100000000)
  eden space 35840K, 0% used [0x00000000eab00000,0x00000000eab00000,0x00000000ece00000)
  from space 6144K, 74% used [0x00000000ece00000,0x00000000ed27ac70,0x00000000ed400000)
  to   space 5120K, 0% used [0x00000000ed800000,0x00000000ed800000,0x00000000edd00000)
 ParOldGen       total 295936K, used 289506K [0x00000000c0000000, 0x00000000d2100000, 0x00000000eab00000)
  object space 295936K, 97% used [0x00000000c0000000,0x00000000d1ab8ad0,0x00000000d2100000)
 Metaspace       used 91358K, capacity 95214K, committed 95320K, reserved 1134592K
  class space    used 8459K, capacity 9833K, committed 9856K, reserved 1048576K
}
Event: 10328.250 GC heap before
{Heap before GC invocations=12050 (full 459):
 PSYoungGen      total 41984K, used 38058K [0x00000000eab00000, 0x00000000edd00000, 0x0000000100000000)
  eden space 35840K, 93% used [0x00000000eab00000,0x00000000ecbafc70,0x00000000ece00000)
  from space 6144K, 74% used [0x00000000ece00000,0x00000000ed27ac70,0x00000000ed400000)
  to   space 5120K, 0% used [0x00000000ed800000,0x00000000ed800000,0x00000000edd00000)
 ParOldGen       total 295936K, used 289506K [0x00000000c0000000, 0x00000000d2100000, 0x00000000eab00000)
  object space 295936K, 97% used [0x00000000c0000000,0x00000000d1ab8ad0,0x00000000d2100000)
 Metaspace       used 91358K, capacity 95214K, committed 95320K, reserved 1134592K
  class space    used 8459K, capacity 9833K, committed 9856K, reserved 1048576K
}
Event: 10328.256 GC heap after
{Heap after GC invocations=12050 (full 459):
 PSYoungGen      total 45056K, used 3971K [0x00000000eab00000, 0x00000000edc00000, 0x0000000100000000)
  eden space 40960K, 0% used [0x00000000eab00000,0x00000000eab00000,0x00000000ed300000)
  from space 4096K, 96% used [0x00000000ed800000,0x00000000edbe0c50,0x00000000edc00000)
  to   space 4608K, 0% used [0x00000000ed300000,0x00000000ed300000,0x00000000ed780000)
 ParOldGen       total 295936K, used 290778K [0x00000000c0000000, 0x00000000d2100000, 0x00000000eab00000)
  object space 295936K, 98% used [0x00000000c0000000,0x00000000d1bf6b78,0x00000000d2100000)
 Metaspace       used 91358K, capacity 95214K, committed 95320K, reserved 1134592K
  class space    used 8459K, capacity 9833K, committed 9856K, reserved 1048576K
}
Event: 10328.304 GC heap before
{Heap before GC invocations=12051 (full 459):
 PSYoungGen      total 45056K, used 44931K [0x00000000eab00000, 0x00000000edc00000, 0x0000000100000000)
  eden space 40960K, 100% used [0x00000000eab00000,0x00000000ed300000,0x00000000ed300000)
  from space 4096K, 96% used [0x00000000ed800000,0x00000000edbe0c50,0x00000000edc00000)
  to   space 4608K, 0% used [0x00000000ed300000,0x00000000ed300000,0x00000000ed780000)
 ParOldGen       total 295936K, used 290778K [0x00000000c0000000, 0x00000000d2100000, 0x00000000eab00000)
  object space 295936K, 98% used [0x00000000c0000000,0x00000000d1bf6b78,0x00000000d2100000)
 Metaspace       used 91358K, capacity 95214K, committed 95320K, reserved 1134592K
  class space    used 8459K, capacity 9833K, committed 9856K, reserved 1048576K
}
Event: 10328.310 GC heap after
{Heap after GC invocations=12051 (full 459):
 PSYoungGen      total 45568K, used 2108K [0x00000000eab00000, 0x00000000ede80000, 0x0000000100000000)
  eden space 40960K, 0% used [0x00000000eab00000,0x00000000eab00000,0x00000000ed300000)
  from space 4608K, 45% used [0x00000000ed300000,0x00000000ed50f228,0x00000000ed780000)
  to   space 3072K, 0% used [0x00000000edb80000,0x00000000edb80000,0x00000000ede80000)
 ParOldGen       total 295936K, used 291626K [0x00000000c0000000, 0x00000000d2100000, 0x00000000eab00000)
  object space 295936K, 98% used [0x00000000c0000000,0x00000000d1cca820,0x00000000d2100000)
 Metaspace       used 91358K, capacity 95214K, committed 95320K, reserved 1134592K
  class space    used 8459K, capacity 9833K, committed 9856K, reserved 1048576K
}
Event: 10328.351 GC heap before
{Heap before GC invocations=12052 (full 459):
 PSYoungGen      total 45568K, used 40821K [0x00000000eab00000, 0x00000000ede80000, 0x0000000100000000)
  eden space 40960K, 94% used [0x00000000eab00000,0x00000000ed0ce450,0x00000000ed300000)
  from space 4608K, 45% used [0x00000000ed300000,0x00000000ed50f228,0x00000000ed780000)
  to   space 3072K, 0% used [0x00000000edb80000,0x00000000edb80000,0x00000000ede80000)
 ParOldGen       total 295936K, used 291626K [0x00000000c0000000, 0x00000000d2100000, 0x00000000eab00000)
  object space 295936K, 98% used [0x00000000c0000000,0x00000000d1cca820,0x00000000d2100000)
 Metaspace       used 91358K, capacity 95214K, committed 95320K, reserved 1134592K
  class space    used 8459K, capacity 9833K, committed 9856K, reserved 1048576K
}
Event: 10328.357 GC heap after
{Heap after GC invocations=12052 (full 459):
 PSYoungGen      total 48128K, used 1316K [0x00000000eab00000, 0x00000000edd00000, 0x0000000100000000)
  eden space 46592K, 0% used [0x00000000eab00000,0x00000000eab00000,0x00000000ed880000)
  from space 1536K, 85% used [0x00000000edb80000,0x00000000edcc9088,0x00000000edd00000)
  to   space 2048K, 0% used [0x00000000ed900000,0x00000000ed900000,0x00000000edb00000)
 ParOldGen       total 295936K, used 292673K [0x00000000c0000000, 0x00000000d2100000, 0x00000000eab00000)
  object space 295936K, 98% used [0x00000000c0000000,0x00000000d1dd0428,0x00000000d2100000)
 Metaspace       used 91358K, capacity 95214K, committed 95320K, reserved 1134592K
  class space    used 8459K, capacity 9833K, committed 9856K, reserved 1048576K
}
Event: 10328.415 GC heap before
{Heap before GC invocations=12053 (full 459):
 PSYoungGen      total 48128K, used 47908K [0x00000000eab00000, 0x00000000edd00000, 0x0000000100000000)
  eden space 46592K, 100% used [0x00000000eab00000,0x00000000ed880000,0x00000000ed880000)
  from space 1536K, 85% used [0x00000000edb80000,0x00000000edcc9088,0x00000000edd00000)
  to   space 2048K, 0% used [0x00000000ed900000,0x00000000ed900000,0x00000000edb00000)
 ParOldGen       total 295936K, used 292673K [0x00000000c0000000, 0x00000000d2100000, 0x00000000eab00000)
  object space 295936K, 98% used [0x00000000c0000000,0x00000000d1dd0428,0x00000000d2100000)
 Metaspace       used 91358K, capacity 95214K, committed 95320K, reserved 1134592K
  class space    used 8459K, capacity 9833K, committed 9856K, reserved 1048576K
}
Event: 10328.428 GC heap after
{Heap after GC invocations=12053 (full 459):
 PSYoungGen      total 49152K, used 1869K [0x00000000eab00000, 0x00000000ee300000, 0x0000000100000000)
  eden space 47104K, 0% used [0x00000000eab00000,0x00000000eab00000,0x00000000ed900000)
  from space 2048K, 91% used [0x00000000ed900000,0x00000000edad35b8,0x00000000edb00000)
  to   space 2048K, 0% used [0x00000000ee100000,0x00000000ee100000,0x00000000ee300000)
 ParOldGen       total 301056K, used 300226K [0x00000000c0000000, 0x00000000d2600000, 0x00000000eab00000)
  object space 301056K, 99% used [0x00000000c0000000,0x00000000d2530a50,0x00000000d2600000)
 Metaspace       used 91358K, capacity 95214K, committed 95320K, reserved 1134592K
  class space    used 8459K, capacity 9833K, committed 9856K, reserved 1048576K
}
Event: 10328.428 GC heap before
{Heap before GC invocations=12054 (full 460):
 PSYoungGen      total 49152K, used 1869K [0x00000000eab00000, 0x00000000ee300000, 0x0000000100000000)
  eden space 47104K, 0% used [0x00000000eab00000,0x00000000eab00000,0x00000000ed900000)
  from space 2048K, 91% used [0x00000000ed900000,0x00000000edad35b8,0x00000000edb00000)
  to   space 2048K, 0% used [0x00000000ee100000,0x00000000ee100000,0x00000000ee300000)
 ParOldGen       total 301056K, used 300226K [0x00000000c0000000, 0x00000000d2600000, 0x00000000eab00000)
  object space 301056K, 99% used [0x00000000c0000000,0x00000000d2530a50,0x00000000d2600000)
 Metaspace       used 91358K, capacity 95214K, committed 95320K, reserved 1134592K
  class space    used 8459K, capacity 9833K, committed 9856K, reserved 1048576K
}
Event: 10328.651 GC heap after
{Heap after GC invocations=12054 (full 460):
 PSYoungGen      total 54272K, used 0K [0x00000000eab00000, 0x00000000ee280000, 0x0000000100000000)
  eden space 52736K, 0% used [0x00000000eab00000,0x00000000eab00000,0x00000000ede80000)
  from space 1536K, 0% used [0x00000000ee100000,0x00000000ee100000,0x00000000ee280000)
  to   space 2048K, 0% used [0x00000000ede80000,0x00000000ede80000,0x00000000ee080000)
 ParOldGen       total 303104K, used 268155K [0x00000000c0000000, 0x00000000d2800000, 0x00000000eab00000)
  object space 303104K, 88% used [0x00000000c0000000,0x00000000d05def70,0x00000000d2800000)
 Metaspace       used 91358K, capacity 95214K, committed 95320K, reserved 1134592K
  class space    used 8459K, capacity 9833K, committed 9856K, reserved 1048576K
}
Event: 10328.715 GC heap before
{Heap before GC invocations=12055 (full 460):
 PSYoungGen      total 54272K, used 52736K [0x00000000eab00000, 0x00000000ee280000, 0x0000000100000000)
  eden space 52736K, 100% used [0x00000000eab00000,0x00000000ede80000,0x00000000ede80000)
  from space 1536K, 0% used [0x00000000ee100000,0x00000000ee100000,0x00000000ee280000)
  to   space 2048K, 0% used [0x00000000ede80000,0x00000000ede80000,0x00000000ee080000)
 ParOldGen       total 303104K, used 268155K [0x00000000c0000000, 0x00000000d2800000, 0x00000000eab00000)
  object space 303104K, 88% used [0x00000000c0000000,0x00000000d05def70,0x00000000d2800000)
 Metaspace       used 91361K, capacity 95214K, committed 95320K, reserved 1134592K
  class space    used 8459K, capacity 9833K, committed 9856K, reserved 1048576K
}
Event: 10328.722 GC heap after
{Heap after GC invocations=12055 (full 460):
 PSYoungGen      total 54784K, used 2018K [0x00000000eab00000, 0x00000000eec00000, 0x0000000100000000)
  eden space 52736K, 0% used [0x00000000eab00000,0x00000000eab00000,0x00000000ede80000)
  from space 2048K, 98% used [0x00000000ede80000,0x00000000ee078810,0x00000000ee080000)
  to   space 4096K, 0% used [0x00000000ee800000,0x00000000ee800000,0x00000000eec00000)
 ParOldGen       total 303104K, used 269776K [0x00000000c0000000, 0x00000000d2800000, 0x00000000eab00000)
  object space 303104K, 89% used [0x00000000c0000000,0x00000000d0774170,0x00000000d2800000)
 Metaspace       used 91361K, capacity 95214K, committed 95320K, reserved 1134592K
  class space    used 8459K, capacity 9833K, committed 9856K, reserved 1048576K
}
Event: 10328.812 GC heap before
{Heap before GC invocations=12056 (full 460):
 PSYoungGen      total 54784K, used 54754K [0x00000000eab00000, 0x00000000eec00000, 0x0000000100000000)
  eden space 52736K, 100% used [0x00000000eab00000,0x00000000ede80000,0x00000000ede80000)
  from space 2048K, 98% used [0x00000000ede80000,0x00000000ee078810,0x00000000ee080000)
  to   space 4096K, 0% used [0x00000000ee800000,0x00000000ee800000,0x00000000eec00000)
 ParOldGen       total 303104K, used 269776K [0x00000000c0000000, 0x00000000d2800000, 0x00000000eab00000)
  object space 303104K, 89% used [0x00000000c0000000,0x00000000d0774170,0x00000000d2800000)
 Metaspace       used 91361K, capacity 95214K, committed 95320K, reserved 1134592K
  class space    used 8459K, capacity 9833K, committed 9856K, reserved 1048576K
}
Event: 10328.819 GC heap after
{Heap after GC invocations=12056 (full 460):
 PSYoungGen      total 61440K, used 2951K [0x00000000eab00000, 0x00000000eeb00000, 0x0000000100000000)
  eden space 58368K, 0% used [0x00000000eab00000,0x00000000eab00000,0x00000000ee400000)
  from space 3072K, 96% used [0x00000000ee800000,0x00000000eeae1f10,0x00000000eeb00000)
  to   space 3584K, 0% used [0x00000000ee400000,0x00000000ee400000,0x00000000ee780000)
 ParOldGen       total 303104K, used 271285K [0x00000000c0000000, 0x00000000d2800000, 0x00000000eab00000)
  object space 303104K, 89% used [0x00000000c0000000,0x00000000d08ed710,0x00000000d2800000)
 Metaspace       used 91361K, capacity 95214K, committed 95320K, reserved 1134592K
  class space    used 8459K, capacity 9833K, committed 9856K, reserved 1048576K
}
Event: 10328.909 GC heap before
{Heap before GC invocations=12057 (full 460):
 PSYoungGen      total 61440K, used 61319K [0x00000000eab00000, 0x00000000eeb00000, 0x0000000100000000)
  eden space 58368K, 100% used [0x00000000eab00000,0x00000000ee400000,0x00000000ee400000)
  from space 3072K, 96% used [0x00000000ee800000,0x00000000eeae1f10,0x00000000eeb00000)
  to   space 3584K, 0% used [0x00000000ee400000,0x00000000ee400000,0x00000000ee780000)
 ParOldGen       total 303104K, used 271285K [0x00000000c0000000, 0x00000000d2800000, 0x00000000eab00000)
  object space 303104K, 89% used [0x00000000c0000000,0x00000000d08ed710,0x00000000d2800000)
 Metaspace       used 91361K, capacity 95214K, committed 95320K, reserved 1134592K
  class space    used 8459K, capacity 9833K, committed 9856K, reserved 1048576K
}
Event: 10328.914 GC heap after
{Heap after GC invocations=12057 (full 460):
 PSYoungGen      total 58368K, used 1224K [0x00000000eab00000, 0x00000000ee880000, 0x0000000100000000)
  eden space 56832K, 0% used [0x00000000eab00000,0x00000000eab00000,0x00000000ee280000)
  from space 1536K, 79% used [0x00000000ee400000,0x00000000ee532180,0x00000000ee580000)
  to   space 2048K, 0% used [0x00000000ee680000,0x00000000ee680000,0x00000000ee880000)
 ParOldGen       total 303104K, used 272349K [0x00000000c0000000, 0x00000000d2800000, 0x00000000eab00000)
  object space 303104K, 89% used [0x00000000c0000000,0x00000000d09f7710,0x00000000d2800000)
 Metaspace       used 91361K, capacity 95214K, committed 95320K, reserved 1134592K
  class space    used 8459K, capacity 9833K, committed 9856K, reserved 1048576K
}

